# JRE version: OpenJDK Runtime Environment Temurin-21.0.5+11 (21.0.5+11) (build 21.0.5+11-LTS)
# Java VM: OpenJDK 64-Bit Server VM Temurin-21.0.5+11 (21.0.5+11-LTS, mixed mode, sharing, tiered, compressed oops, compressed class ptrs, parallel gc, windows-amd64)
GC Precious Log:
 CardTable entry size: 512
 CPUs: 8 total, 8 available
 Memory: 7379M
 Large Page Support: Disabled
 NUMA Support: Disabled
 Compressed Oops: Enabled (32-bit)
 Alignments: Space 512K, Generation 512K, Heap 2M
 Heap Min Capacity: 8M
 Heap Initial Capacity: 116M
 Heap Max Capacity: 512M
 Pre-touch: Disabled
 Parallel Workers: 8
Heap:
 PSYoungGen      total 54272K, used 9457K [0x00000000f5580000, 0x00000000fad80000, 0x0000000100000000)
  eden space 43520K, 16% used [0x00000000f5580000,0x00000000f5c5c4c8,0x00000000f8000000)
  from space 10752K, 22% used [0x00000000f8000000,0x00000000f8260000,0x00000000f8a80000)
  to   space 10240K, 0% used [0x00000000fa380000,0x00000000fa380000,0x00000000fad80000)
 ParOldGen       total 79360K, used 30955K [0x00000000e0000000, 0x00000000e4d80000, 0x00000000f5580000)
  object space 79360K, 39% used [0x00000000e0000000,0x00000000e1e3ad98,0x00000000e4d80000)
 Metaspace       used 46734K, committed 48000K, reserved 1114112K
  class space    used 4951K, committed 5504K, reserved 1048576K
GC Heap History (20 events):
Event: 6.963 GC heap before
{Heap before GC invocations=8 (full 1):
 PSYoungGen      total 39424K, used 29696K [0x00000000f5580000, 0x00000000f8680000, 0x0000000100000000)
  eden space 29696K, 100% used [0x00000000f5580000,0x00000000f7280000,0x00000000f7280000)
  from space 9728K, 0% used [0x00000000f7d00000,0x00000000f7d00000,0x00000000f8680000)
  to   space 10240K, 0% used [0x00000000f7280000,0x00000000f7280000,0x00000000f7c80000)
 ParOldGen       total 79360K, used 12924K [0x00000000e0000000, 0x00000000e4d80000, 0x00000000f5580000)
  object space 79360K, 16% used [0x00000000e0000000,0x00000000e0c9f110,0x00000000e4d80000)
 Metaspace       used 23281K, committed 24256K, reserved 1114112K
  class space    used 2342K, committed 2816K, reserved 1048576K
}
Event: 6.965 GC heap after
{Heap after GC invocations=8 (full 1):
 PSYoungGen      total 31744K, used 2200K [0x00000000f5580000, 0x00000000f8600000, 0x0000000100000000)
  eden space 29184K, 0% used [0x00000000f5580000,0x00000000f5580000,0x00000000f7200000)
  from space 2560K, 85% used [0x00000000f7280000,0x00000000f74a6190,0x00000000f7500000)
  to   space 10240K, 0% used [0x00000000f7c00000,0x00000000f7c00000,0x00000000f8600000)
 ParOldGen       total 79360K, used 12932K [0x00000000e0000000, 0x00000000e4d80000, 0x00000000f5580000)
  object space 79360K, 16% used [0x00000000e0000000,0x00000000e0ca1110,0x00000000e4d80000)
 Metaspace       used 23281K, committed 24256K, reserved 1114112K
  class space    used 2342K, committed 2816K, reserved 1048576K
}
Event: 7.227 GC heap before
{Heap before GC invocations=9 (full 1):
 PSYoungGen      total 31744K, used 31384K [0x00000000f5580000, 0x00000000f8600000, 0x0000000100000000)
  eden space 29184K, 100% used [0x00000000f5580000,0x00000000f7200000,0x00000000f7200000)
  from space 2560K, 85% used [0x00000000f7280000,0x00000000f74a6190,0x00000000f7500000)
  to   space 10240K, 0% used [0x00000000f7c00000,0x00000000f7c00000,0x00000000f8600000)
 ParOldGen       total 79360K, used 12932K [0x00000000e0000000, 0x00000000e4d80000, 0x00000000f5580000)
  object space 79360K, 16% used [0x00000000e0000000,0x00000000e0ca1110,0x00000000e4d80000)
 Metaspace       used 27221K, committed 28288K, reserved 1114112K
  class space    used 2615K, committed 3072K, reserved 1048576K
}
Event: 7.228 GC heap after
{Heap after GC invocations=9 (full 1):
 PSYoungGen      total 38400K, used 3485K [0x00000000f5580000, 0x00000000f8580000, 0x0000000100000000)
  eden space 28672K, 0% used [0x00000000f5580000,0x00000000f5580000,0x00000000f7180000)
  from space 9728K, 35% used [0x00000000f7c00000,0x00000000f7f67458,0x00000000f8580000)
  to   space 10240K, 0% used [0x00000000f7180000,0x00000000f7180000,0x00000000f7b80000)
 ParOldGen       total 79360K, used 12940K [0x00000000e0000000, 0x00000000e4d80000, 0x00000000f5580000)
  object space 79360K, 16% used [0x00000000e0000000,0x00000000e0ca3110,0x00000000e4d80000)
 Metaspace       used 27221K, committed 28288K, reserved 1114112K
  class space    used 2615K, committed 3072K, reserved 1048576K
}
Event: 7.709 GC heap before
{Heap before GC invocations=10 (full 1):
 PSYoungGen      total 38400K, used 32157K [0x00000000f5580000, 0x00000000f8580000, 0x0000000100000000)
  eden space 28672K, 100% used [0x00000000f5580000,0x00000000f7180000,0x00000000f7180000)
  from space 9728K, 35% used [0x00000000f7c00000,0x00000000f7f67458,0x00000000f8580000)
  to   space 10240K, 0% used [0x00000000f7180000,0x00000000f7180000,0x00000000f7b80000)
 ParOldGen       total 79360K, used 12940K [0x00000000e0000000, 0x00000000e4d80000, 0x00000000f5580000)
  object space 79360K, 16% used [0x00000000e0000000,0x00000000e0ca3110,0x00000000e4d80000)
 Metaspace       used 30422K, committed 31424K, reserved 1114112K
  class space    used 2921K, committed 3392K, reserved 1048576K
}
Event: 7.713 GC heap after
{Heap after GC invocations=10 (full 1):
 PSYoungGen      total 33792K, used 5210K [0x00000000f5580000, 0x00000000f8400000, 0x0000000100000000)
  eden space 28160K, 0% used [0x00000000f5580000,0x00000000f5580000,0x00000000f7100000)
  from space 5632K, 92% used [0x00000000f7180000,0x00000000f76969f0,0x00000000f7700000)
  to   space 9728K, 0% used [0x00000000f7a80000,0x00000000f7a80000,0x00000000f8400000)
 ParOldGen       total 79360K, used 12948K [0x00000000e0000000, 0x00000000e4d80000, 0x00000000f5580000)
  object space 79360K, 16% used [0x00000000e0000000,0x00000000e0ca5110,0x00000000e4d80000)
 Metaspace       used 30422K, committed 31424K, reserved 1114112K
  class space    used 2921K, committed 3392K, reserved 1048576K
}
Event: 7.993 GC heap before
{Heap before GC invocations=11 (full 1):
 PSYoungGen      total 33792K, used 33370K [0x00000000f5580000, 0x00000000f8400000, 0x0000000100000000)
  eden space 28160K, 100% used [0x00000000f5580000,0x00000000f7100000,0x00000000f7100000)
  from space 5632K, 92% used [0x00000000f7180000,0x00000000f76969f0,0x00000000f7700000)
  to   space 9728K, 0% used [0x00000000f7a80000,0x00000000f7a80000,0x00000000f8400000)
 ParOldGen       total 79360K, used 12948K [0x00000000e0000000, 0x00000000e4d80000, 0x00000000f5580000)
  object space 79360K, 16% used [0x00000000e0000000,0x00000000e0ca5110,0x00000000e4d80000)
 Metaspace       used 33737K, committed 34816K, reserved 1114112K
  class space    used 3310K, committed 3776K, reserved 1048576K
}
Event: 7.997 GC heap after
{Heap after GC invocations=11 (full 1):
 PSYoungGen      total 36864K, used 3624K [0x00000000f5580000, 0x00000000f8380000, 0x0000000100000000)
  eden space 27648K, 0% used [0x00000000f5580000,0x00000000f5580000,0x00000000f7080000)
  from space 9216K, 39% used [0x00000000f7a80000,0x00000000f7e0a080,0x00000000f8380000)
  to   space 9728K, 0% used [0x00000000f7080000,0x00000000f7080000,0x00000000f7a00000)
 ParOldGen       total 79360K, used 16268K [0x00000000e0000000, 0x00000000e4d80000, 0x00000000f5580000)
  object space 79360K, 20% used [0x00000000e0000000,0x00000000e0fe3340,0x00000000e4d80000)
 Metaspace       used 33737K, committed 34816K, reserved 1114112K
  class space    used 3310K, committed 3776K, reserved 1048576K
}
Event: 8.118 GC heap before
{Heap before GC invocations=12 (full 1):
 PSYoungGen      total 36864K, used 12235K [0x00000000f5580000, 0x00000000f8380000, 0x0000000100000000)
  eden space 27648K, 31% used [0x00000000f5580000,0x00000000f5de8cf8,0x00000000f7080000)
  from space 9216K, 39% used [0x00000000f7a80000,0x00000000f7e0a080,0x00000000f8380000)
  to   space 9728K, 0% used [0x00000000f7080000,0x00000000f7080000,0x00000000f7a00000)
 ParOldGen       total 79360K, used 16268K [0x00000000e0000000, 0x00000000e4d80000, 0x00000000f5580000)
  object space 79360K, 20% used [0x00000000e0000000,0x00000000e0fe3340,0x00000000e4d80000)
 Metaspace       used 34730K, committed 35840K, reserved 1114112K
  class space    used 3433K, committed 3968K, reserved 1048576K
}
Event: 8.122 GC heap after
{Heap after GC invocations=12 (full 1):
 PSYoungGen      total 37376K, used 1964K [0x00000000f5580000, 0x00000000f8380000, 0x0000000100000000)
  eden space 27648K, 0% used [0x00000000f5580000,0x00000000f5580000,0x00000000f7080000)
  from space 9728K, 20% used [0x00000000f7080000,0x00000000f726b220,0x00000000f7a00000)
  to   space 9728K, 0% used [0x00000000f7a00000,0x00000000f7a00000,0x00000000f8380000)
 ParOldGen       total 79360K, used 19227K [0x00000000e0000000, 0x00000000e4d80000, 0x00000000f5580000)
  object space 79360K, 24% used [0x00000000e0000000,0x00000000e12c6cd0,0x00000000e4d80000)
 Metaspace       used 34730K, committed 35840K, reserved 1114112K
  class space    used 3433K, committed 3968K, reserved 1048576K
}
Event: 8.122 GC heap before
{Heap before GC invocations=13 (full 2):
 PSYoungGen      total 37376K, used 1964K [0x00000000f5580000, 0x00000000f8380000, 0x0000000100000000)
  eden space 27648K, 0% used [0x00000000f5580000,0x00000000f5580000,0x00000000f7080000)
  from space 9728K, 20% used [0x00000000f7080000,0x00000000f726b220,0x00000000f7a00000)
  to   space 9728K, 0% used [0x00000000f7a00000,0x00000000f7a00000,0x00000000f8380000)
 ParOldGen       total 79360K, used 19227K [0x00000000e0000000, 0x00000000e4d80000, 0x00000000f5580000)
  object space 79360K, 24% used [0x00000000e0000000,0x00000000e12c6cd0,0x00000000e4d80000)
 Metaspace       used 34730K, committed 35840K, reserved 1114112K
  class space    used 3433K, committed 3968K, reserved 1048576K
}
Event: 8.158 GC heap after
{Heap after GC invocations=13 (full 2):
 PSYoungGen      total 37376K, used 0K [0x00000000f5580000, 0x00000000f8380000, 0x0000000100000000)
  eden space 27648K, 0% used [0x00000000f5580000,0x00000000f5580000,0x00000000f7080000)
  from space 9728K, 0% used [0x00000000f7080000,0x00000000f7080000,0x00000000f7a00000)
  to   space 9728K, 0% used [0x00000000f7a00000,0x00000000f7a00000,0x00000000f8380000)
 ParOldGen       total 79360K, used 20272K [0x00000000e0000000, 0x00000000e4d80000, 0x00000000f5580000)
  object space 79360K, 25% used [0x00000000e0000000,0x00000000e13cc0e8,0x00000000e4d80000)
 Metaspace       used 34730K, committed 35840K, reserved 1114112K
  class space    used 3433K, committed 3968K, reserved 1048576K
}
Event: 8.482 GC heap before
{Heap before GC invocations=14 (full 2):
 PSYoungGen      total 37376K, used 27648K [0x00000000f5580000, 0x00000000f8380000, 0x0000000100000000)
  eden space 27648K, 100% used [0x00000000f5580000,0x00000000f7080000,0x00000000f7080000)
  from space 9728K, 0% used [0x00000000f7080000,0x00000000f7080000,0x00000000f7a00000)
  to   space 9728K, 0% used [0x00000000f7a00000,0x00000000f7a00000,0x00000000f8380000)
 ParOldGen       total 79360K, used 20272K [0x00000000e0000000, 0x00000000e4d80000, 0x00000000f5580000)
  object space 79360K, 25% used [0x00000000e0000000,0x00000000e13cc0e8,0x00000000e4d80000)
 Metaspace       used 37827K, committed 39040K, reserved 1114112K
  class space    used 3843K, committed 4352K, reserved 1048576K
}
Event: 8.485 GC heap after
{Heap after GC invocations=14 (full 2):
 PSYoungGen      total 37376K, used 1712K [0x00000000f5580000, 0x00000000f9400000, 0x0000000100000000)
  eden space 27648K, 0% used [0x00000000f5580000,0x00000000f5580000,0x00000000f7080000)
  from space 9728K, 17% used [0x00000000f7a00000,0x00000000f7bac010,0x00000000f8380000)
  to   space 9728K, 0% used [0x00000000f7080000,0x00000000f7080000,0x00000000f7a00000)
 ParOldGen       total 79360K, used 20280K [0x00000000e0000000, 0x00000000e4d80000, 0x00000000f5580000)
  object space 79360K, 25% used [0x00000000e0000000,0x00000000e13ce0e8,0x00000000e4d80000)
 Metaspace       used 37827K, committed 39040K, reserved 1114112K
  class space    used 3843K, committed 4352K, reserved 1048576K
}
Event: 8.856 GC heap before
{Heap before GC invocations=15 (full 2):
 PSYoungGen      total 37376K, used 29350K [0x00000000f5580000, 0x00000000f9400000, 0x0000000100000000)
  eden space 27648K, 99% used [0x00000000f5580000,0x00000000f707db58,0x00000000f7080000)
  from space 9728K, 17% used [0x00000000f7a00000,0x00000000f7bac010,0x00000000f8380000)
  to   space 9728K, 0% used [0x00000000f7080000,0x00000000f7080000,0x00000000f7a00000)
 ParOldGen       total 79360K, used 20280K [0x00000000e0000000, 0x00000000e4d80000, 0x00000000f5580000)
  object space 79360K, 25% used [0x00000000e0000000,0x00000000e13ce0e8,0x00000000e4d80000)
 Metaspace       used 39652K, committed 40832K, reserved 1114112K
  class space    used 4055K, committed 4544K, reserved 1048576K
}
Event: 8.860 GC heap after
{Heap after GC invocations=15 (full 2):
 PSYoungGen      total 37376K, used 1719K [0x00000000f5580000, 0x00000000f9400000, 0x0000000100000000)
  eden space 27648K, 0% used [0x00000000f5580000,0x00000000f5580000,0x00000000f7080000)
  from space 9728K, 17% used [0x00000000f7080000,0x00000000f722dd28,0x00000000f7a00000)
  to   space 9728K, 0% used [0x00000000f8a80000,0x00000000f8a80000,0x00000000f9400000)
 ParOldGen       total 79360K, used 21636K [0x00000000e0000000, 0x00000000e4d80000, 0x00000000f5580000)
  object space 79360K, 27% used [0x00000000e0000000,0x00000000e1521190,0x00000000e4d80000)
 Metaspace       used 39652K, committed 40832K, reserved 1114112K
  class space    used 4055K, committed 4544K, reserved 1048576K
}
Event: 9.169 GC heap before
{Heap before GC invocations=16 (full 2):
 PSYoungGen      total 37376K, used 29367K [0x00000000f5580000, 0x00000000f9400000, 0x0000000100000000)
  eden space 27648K, 99% used [0x00000000f5580000,0x00000000f707fff8,0x00000000f7080000)
  from space 9728K, 17% used [0x00000000f7080000,0x00000000f722dd28,0x00000000f7a00000)
  to   space 9728K, 0% used [0x00000000f8a80000,0x00000000f8a80000,0x00000000f9400000)
 ParOldGen       total 79360K, used 21636K [0x00000000e0000000, 0x00000000e4d80000, 0x00000000f5580000)
  object space 79360K, 27% used [0x00000000e0000000,0x00000000e1521190,0x00000000e4d80000)
 Metaspace       used 41127K, committed 42304K, reserved 1114112K
  class space    used 4246K, committed 4800K, reserved 1048576K
}
Event: 9.175 GC heap after
{Heap after GC invocations=16 (full 2):
 PSYoungGen      total 53248K, used 8154K [0x00000000f5580000, 0x00000000f9600000, 0x0000000100000000)
  eden space 43520K, 0% used [0x00000000f5580000,0x00000000f5580000,0x00000000f8000000)
  from space 9728K, 83% used [0x00000000f8a80000,0x00000000f92769d8,0x00000000f9400000)
  to   space 10752K, 0% used [0x00000000f8000000,0x00000000f8000000,0x00000000f8a80000)
 ParOldGen       total 79360K, used 22940K [0x00000000e0000000, 0x00000000e4d80000, 0x00000000f5580000)
  object space 79360K, 28% used [0x00000000e0000000,0x00000000e1667190,0x00000000e4d80000)
 Metaspace       used 41127K, committed 42304K, reserved 1114112K
  class space    used 4246K, committed 4800K, reserved 1048576K
}
Event: 10.070 GC heap before
{Heap before GC invocations=17 (full 2):
 PSYoungGen      total 53248K, used 51674K [0x00000000f5580000, 0x00000000f9600000, 0x0000000100000000)
  eden space 43520K, 100% used [0x00000000f5580000,0x00000000f8000000,0x00000000f8000000)
  from space 9728K, 83% used [0x00000000f8a80000,0x00000000f92769d8,0x00000000f9400000)
  to   space 10752K, 0% used [0x00000000f8000000,0x00000000f8000000,0x00000000f8a80000)
 ParOldGen       total 79360K, used 22940K [0x00000000e0000000, 0x00000000e4d80000, 0x00000000f5580000)
  object space 79360K, 28% used [0x00000000e0000000,0x00000000e1667190,0x00000000e4d80000)
 Metaspace       used 45973K, committed 47168K, reserved 1114112K
  class space    used 4862K, committed 5376K, reserved 1048576K
}
Event: 10.078 GC heap after
{Heap after GC invocations=17 (full 2):
 PSYoungGen      total 54272K, used 2432K [0x00000000f5580000, 0x00000000fad80000, 0x0000000100000000)
  eden space 43520K, 0% used [0x00000000f5580000,0x00000000f5580000,0x00000000f8000000)
  from space 10752K, 22% used [0x00000000f8000000,0x00000000f8260000,0x00000000f8a80000)
  to   space 10240K, 0% used [0x00000000fa380000,0x00000000fa380000,0x00000000fad80000)
 ParOldGen       total 79360K, used 30955K [0x00000000e0000000, 0x00000000e4d80000, 0x00000000f5580000)
  object space 79360K, 39% used [0x00000000e0000000,0x00000000e1e3ad98,0x00000000e4d80000)
 Metaspace       used 45973K, committed 47168K, reserved 1114112K
  class space    used 4862K, committed 5376K, reserved 1048576K
}

