# JRE version: OpenJDK Runtime Environment Temurin-21.0.5+11 (21.0.5+11) (build 21.0.5+11-LTS)
# Java VM: OpenJDK 64-Bit Server VM Temurin-21.0.5+11 (21.0.5+11-LTS, mixed mode, sharing, tiered, compressed oops, compressed class ptrs, parallel gc, windows-amd64)
GC Precious Log:
 CardTable entry size: 512
 CPUs: 8 total, 8 available
 Memory: 7379M
 Large Page Support: Disabled
 NUMA Support: Disabled
 Compressed Oops: Enabled (32-bit)
 Alignments: Space 512K, Generation 512K, Heap 2M
 Heap Min Capacity: 8M
 Heap Initial Capacity: 116M
 Heap Max Capacity: 512M
 Pre-touch: Disabled
 Parallel Workers: 8
Heap:
 PSYoungGen      total 140288K, used 68254K [0x00000000f5580000, 0x00000000fe900000, 0x0000000100000000)
  eden space 130560K, 48% used [0x00000000f5580000,0x00000000f9393808,0x00000000fd500000)
  from space 9728K, 48% used [0x00000000fdf80000,0x00000000fe414030,0x00000000fe900000)
  to   space 10240K, 0% used [0x00000000fd500000,0x00000000fd500000,0x00000000fdf00000)
 ParOldGen       total 79360K, used 55909K [0x00000000e0000000, 0x00000000e4d80000, 0x00000000f5580000)
  object space 79360K, 70% used [0x00000000e0000000,0x00000000e3699438,0x00000000e4d80000)
 Metaspace       used 65498K, committed 66880K, reserved 1114112K
  class space    used 6800K, committed 7424K, reserved 1048576K
GC Heap History (20 events):
Event: 12.912 GC heap before
{Heap before GC invocations=16 (full 2):
 PSYoungGen      total 37888K, used 30727K [0x00000000f5580000, 0x00000000f9400000, 0x0000000100000000)
  eden space 27648K, 100% used [0x00000000f5580000,0x00000000f7080000,0x00000000f7080000)
  from space 10240K, 30% used [0x00000000f7080000,0x00000000f7381f78,0x00000000f7a80000)
  to   space 9728K, 0% used [0x00000000f8a80000,0x00000000f8a80000,0x00000000f9400000)
 ParOldGen       total 79360K, used 18876K [0x00000000e0000000, 0x00000000e4d80000, 0x00000000f5580000)
  object space 79360K, 23% used [0x00000000e0000000,0x00000000e126f318,0x00000000e4d80000)
 Metaspace       used 41150K, committed 42368K, reserved 1114112K
  class space    used 4228K, committed 4800K, reserved 1048576K
}
Event: 12.917 GC heap after
{Heap after GC invocations=16 (full 2):
 PSYoungGen      total 54272K, used 1824K [0x00000000f5580000, 0x00000000f9400000, 0x0000000100000000)
  eden space 44544K, 0% used [0x00000000f5580000,0x00000000f5580000,0x00000000f8100000)
  from space 9728K, 18% used [0x00000000f8a80000,0x00000000f8c48000,0x00000000f9400000)
  to   space 9728K, 0% used [0x00000000f8100000,0x00000000f8100000,0x00000000f8a80000)
 ParOldGen       total 79360K, used 20295K [0x00000000e0000000, 0x00000000e4d80000, 0x00000000f5580000)
  object space 79360K, 25% used [0x00000000e0000000,0x00000000e13d1d68,0x00000000e4d80000)
 Metaspace       used 41150K, committed 42368K, reserved 1114112K
  class space    used 4228K, committed 4800K, reserved 1048576K
}
Event: 14.029 GC heap before
{Heap before GC invocations=17 (full 2):
 PSYoungGen      total 54272K, used 46307K [0x00000000f5580000, 0x00000000f9400000, 0x0000000100000000)
  eden space 44544K, 99% used [0x00000000f5580000,0x00000000f80f0cf8,0x00000000f8100000)
  from space 9728K, 18% used [0x00000000f8a80000,0x00000000f8c48000,0x00000000f9400000)
  to   space 9728K, 0% used [0x00000000f8100000,0x00000000f8100000,0x00000000f8a80000)
 ParOldGen       total 79360K, used 20295K [0x00000000e0000000, 0x00000000e4d80000, 0x00000000f5580000)
  object space 79360K, 25% used [0x00000000e0000000,0x00000000e13d1d68,0x00000000e4d80000)
 Metaspace       used 47003K, committed 48256K, reserved 1114112K
  class space    used 4916K, committed 5440K, reserved 1048576K
}
Event: 14.034 GC heap after
{Heap after GC invocations=17 (full 2):
 PSYoungGen      total 54272K, used 2858K [0x00000000f5580000, 0x00000000fad80000, 0x0000000100000000)
  eden space 44544K, 0% used [0x00000000f5580000,0x00000000f5580000,0x00000000f8100000)
  from space 9728K, 29% used [0x00000000f8100000,0x00000000f83cab78,0x00000000f8a80000)
  to   space 9216K, 0% used [0x00000000fa480000,0x00000000fa480000,0x00000000fad80000)
 ParOldGen       total 79360K, used 21911K [0x00000000e0000000, 0x00000000e4d80000, 0x00000000f5580000)
  object space 79360K, 27% used [0x00000000e0000000,0x00000000e1565d68,0x00000000e4d80000)
 Metaspace       used 47003K, committed 48256K, reserved 1114112K
  class space    used 4916K, committed 5440K, reserved 1048576K
}
Event: 15.492 GC heap before
{Heap before GC invocations=18 (full 2):
 PSYoungGen      total 54272K, used 47402K [0x00000000f5580000, 0x00000000fad80000, 0x0000000100000000)
  eden space 44544K, 100% used [0x00000000f5580000,0x00000000f8100000,0x00000000f8100000)
  from space 9728K, 29% used [0x00000000f8100000,0x00000000f83cab78,0x00000000f8a80000)
  to   space 9216K, 0% used [0x00000000fa480000,0x00000000fa480000,0x00000000fad80000)
 ParOldGen       total 79360K, used 21911K [0x00000000e0000000, 0x00000000e4d80000, 0x00000000f5580000)
  object space 79360K, 27% used [0x00000000e0000000,0x00000000e1565d68,0x00000000e4d80000)
 Metaspace       used 50233K, committed 51520K, reserved 1114112K
  class space    used 5342K, committed 5952K, reserved 1048576K
}
Event: 15.502 GC heap after
{Heap after GC invocations=18 (full 2):
 PSYoungGen      total 77824K, used 9207K [0x00000000f5580000, 0x00000000fb380000, 0x0000000100000000)
  eden space 68608K, 0% used [0x00000000f5580000,0x00000000f5580000,0x00000000f9880000)
  from space 9216K, 99% used [0x00000000fa480000,0x00000000fad7df40,0x00000000fad80000)
  to   space 12288K, 0% used [0x00000000f9880000,0x00000000f9880000,0x00000000fa480000)
 ParOldGen       total 79360K, used 25738K [0x00000000e0000000, 0x00000000e4d80000, 0x00000000f5580000)
  object space 79360K, 32% used [0x00000000e0000000,0x00000000e1922800,0x00000000e4d80000)
 Metaspace       used 50233K, committed 51520K, reserved 1114112K
  class space    used 5342K, committed 5952K, reserved 1048576K
}
Event: 18.055 GC heap before
{Heap before GC invocations=19 (full 2):
 PSYoungGen      total 77824K, used 77815K [0x00000000f5580000, 0x00000000fb380000, 0x0000000100000000)
  eden space 68608K, 100% used [0x00000000f5580000,0x00000000f9880000,0x00000000f9880000)
  from space 9216K, 99% used [0x00000000fa480000,0x00000000fad7df40,0x00000000fad80000)
  to   space 12288K, 0% used [0x00000000f9880000,0x00000000f9880000,0x00000000fa480000)
 ParOldGen       total 79360K, used 25738K [0x00000000e0000000, 0x00000000e4d80000, 0x00000000f5580000)
  object space 79360K, 32% used [0x00000000e0000000,0x00000000e1922800,0x00000000e4d80000)
 Metaspace       used 54946K, committed 56192K, reserved 1114112K
  class space    used 5811K, committed 6336K, reserved 1048576K
}
Event: 18.065 GC heap after
{Heap after GC invocations=19 (full 2):
 PSYoungGen      total 71168K, used 4148K [0x00000000f5580000, 0x00000000fad80000, 0x0000000100000000)
  eden space 66560K, 0% used [0x00000000f5580000,0x00000000f5580000,0x00000000f9680000)
  from space 4608K, 90% used [0x00000000f9880000,0x00000000f9c8d080,0x00000000f9d00000)
  to   space 11776K, 0% used [0x00000000fa200000,0x00000000fa200000,0x00000000fad80000)
 ParOldGen       total 79360K, used 34894K [0x00000000e0000000, 0x00000000e4d80000, 0x00000000f5580000)
  object space 79360K, 43% used [0x00000000e0000000,0x00000000e2213980,0x00000000e4d80000)
 Metaspace       used 54946K, committed 56192K, reserved 1114112K
  class space    used 5811K, committed 6336K, reserved 1048576K
}
Event: 18.410 GC heap before
{Heap before GC invocations=20 (full 2):
 PSYoungGen      total 71168K, used 70708K [0x00000000f5580000, 0x00000000fad80000, 0x0000000100000000)
  eden space 66560K, 100% used [0x00000000f5580000,0x00000000f9680000,0x00000000f9680000)
  from space 4608K, 90% used [0x00000000f9880000,0x00000000f9c8d080,0x00000000f9d00000)
  to   space 11776K, 0% used [0x00000000fa200000,0x00000000fa200000,0x00000000fad80000)
 ParOldGen       total 79360K, used 34894K [0x00000000e0000000, 0x00000000e4d80000, 0x00000000f5580000)
  object space 79360K, 43% used [0x00000000e0000000,0x00000000e2213980,0x00000000e4d80000)
 Metaspace       used 55319K, committed 56576K, reserved 1114112K
  class space    used 5864K, committed 6400K, reserved 1048576K
}
Event: 18.419 GC heap after
{Heap after GC invocations=20 (full 2):
 PSYoungGen      total 78336K, used 6468K [0x00000000f5580000, 0x00000000fc780000, 0x0000000100000000)
  eden space 66560K, 0% used [0x00000000f5580000,0x00000000f5580000,0x00000000f9680000)
  from space 11776K, 54% used [0x00000000fa200000,0x00000000fa851060,0x00000000fad80000)
  to   space 11776K, 0% used [0x00000000f9680000,0x00000000f9680000,0x00000000fa200000)
 ParOldGen       total 79360K, used 38773K [0x00000000e0000000, 0x00000000e4d80000, 0x00000000f5580000)
  object space 79360K, 48% used [0x00000000e0000000,0x00000000e25dd730,0x00000000e4d80000)
 Metaspace       used 55319K, committed 56576K, reserved 1114112K
  class space    used 5864K, committed 6400K, reserved 1048576K
}
Event: 18.841 GC heap before
{Heap before GC invocations=21 (full 2):
 PSYoungGen      total 78336K, used 73028K [0x00000000f5580000, 0x00000000fc780000, 0x0000000100000000)
  eden space 66560K, 100% used [0x00000000f5580000,0x00000000f9680000,0x00000000f9680000)
  from space 11776K, 54% used [0x00000000fa200000,0x00000000fa851060,0x00000000fad80000)
  to   space 11776K, 0% used [0x00000000f9680000,0x00000000f9680000,0x00000000fa200000)
 ParOldGen       total 79360K, used 38773K [0x00000000e0000000, 0x00000000e4d80000, 0x00000000f5580000)
  object space 79360K, 48% used [0x00000000e0000000,0x00000000e25dd730,0x00000000e4d80000)
 Metaspace       used 56010K, committed 57344K, reserved 1114112K
  class space    used 5921K, committed 6464K, reserved 1048576K
}
Event: 18.855 GC heap after
{Heap after GC invocations=21 (full 2):
 PSYoungGen      total 78336K, used 5938K [0x00000000f5580000, 0x00000000fc680000, 0x0000000100000000)
  eden space 66560K, 0% used [0x00000000f5580000,0x00000000f5580000,0x00000000f9680000)
  from space 11776K, 50% used [0x00000000f9680000,0x00000000f9c4cbf8,0x00000000fa200000)
  to   space 11264K, 0% used [0x00000000fbb80000,0x00000000fbb80000,0x00000000fc680000)
 ParOldGen       total 79360K, used 45029K [0x00000000e0000000, 0x00000000e4d80000, 0x00000000f5580000)
  object space 79360K, 56% used [0x00000000e0000000,0x00000000e2bf9460,0x00000000e4d80000)
 Metaspace       used 56010K, committed 57344K, reserved 1114112K
  class space    used 5921K, committed 6464K, reserved 1048576K
}
Event: 20.282 GC heap before
{Heap before GC invocations=22 (full 2):
 PSYoungGen      total 78336K, used 63767K [0x00000000f5580000, 0x00000000fc680000, 0x0000000100000000)
  eden space 66560K, 86% used [0x00000000f5580000,0x00000000f8df9180,0x00000000f9680000)
  from space 11776K, 50% used [0x00000000f9680000,0x00000000f9c4cbf8,0x00000000fa200000)
  to   space 11264K, 0% used [0x00000000fbb80000,0x00000000fbb80000,0x00000000fc680000)
 ParOldGen       total 79360K, used 45029K [0x00000000e0000000, 0x00000000e4d80000, 0x00000000f5580000)
  object space 79360K, 56% used [0x00000000e0000000,0x00000000e2bf9460,0x00000000e4d80000)
 Metaspace       used 59007K, committed 60288K, reserved 1114112K
  class space    used 6282K, committed 6848K, reserved 1048576K
}
Event: 20.295 GC heap after
{Heap after GC invocations=22 (full 2):
 PSYoungGen      total 103424K, used 4316K [0x00000000f5580000, 0x00000000fc580000, 0x0000000100000000)
  eden space 93184K, 0% used [0x00000000f5580000,0x00000000f5580000,0x00000000fb080000)
  from space 10240K, 42% used [0x00000000fbb80000,0x00000000fbfb7280,0x00000000fc580000)
  to   space 10752K, 0% used [0x00000000fb080000,0x00000000fb080000,0x00000000fbb00000)
 ParOldGen       total 79360K, used 50534K [0x00000000e0000000, 0x00000000e4d80000, 0x00000000f5580000)
  object space 79360K, 63% used [0x00000000e0000000,0x00000000e3159908,0x00000000e4d80000)
 Metaspace       used 59007K, committed 60288K, reserved 1114112K
  class space    used 6282K, committed 6848K, reserved 1048576K
}
Event: 20.295 GC heap before
{Heap before GC invocations=23 (full 3):
 PSYoungGen      total 103424K, used 4316K [0x00000000f5580000, 0x00000000fc580000, 0x0000000100000000)
  eden space 93184K, 0% used [0x00000000f5580000,0x00000000f5580000,0x00000000fb080000)
  from space 10240K, 42% used [0x00000000fbb80000,0x00000000fbfb7280,0x00000000fc580000)
  to   space 10752K, 0% used [0x00000000fb080000,0x00000000fb080000,0x00000000fbb00000)
 ParOldGen       total 79360K, used 50534K [0x00000000e0000000, 0x00000000e4d80000, 0x00000000f5580000)
  object space 79360K, 63% used [0x00000000e0000000,0x00000000e3159908,0x00000000e4d80000)
 Metaspace       used 59007K, committed 60288K, reserved 1114112K
  class space    used 6282K, committed 6848K, reserved 1048576K
}
Event: 20.403 GC heap after
{Heap after GC invocations=23 (full 3):
 PSYoungGen      total 103424K, used 0K [0x00000000f5580000, 0x00000000fc580000, 0x0000000100000000)
  eden space 93184K, 0% used [0x00000000f5580000,0x00000000f5580000,0x00000000fb080000)
  from space 10240K, 0% used [0x00000000fbb80000,0x00000000fbb80000,0x00000000fc580000)
  to   space 10752K, 0% used [0x00000000fb080000,0x00000000fb080000,0x00000000fbb00000)
 ParOldGen       total 79360K, used 52907K [0x00000000e0000000, 0x00000000e4d80000, 0x00000000f5580000)
  object space 79360K, 66% used [0x00000000e0000000,0x00000000e33aacd8,0x00000000e4d80000)
 Metaspace       used 59007K, committed 60288K, reserved 1114112K
  class space    used 6282K, committed 6848K, reserved 1048576K
}
Event: 21.597 GC heap before
{Heap before GC invocations=24 (full 3):
 PSYoungGen      total 103424K, used 93184K [0x00000000f5580000, 0x00000000fc580000, 0x0000000100000000)
  eden space 93184K, 100% used [0x00000000f5580000,0x00000000fb080000,0x00000000fb080000)
  from space 10240K, 0% used [0x00000000fbb80000,0x00000000fbb80000,0x00000000fc580000)
  to   space 10752K, 0% used [0x00000000fb080000,0x00000000fb080000,0x00000000fbb00000)
 ParOldGen       total 79360K, used 52907K [0x00000000e0000000, 0x00000000e4d80000, 0x00000000f5580000)
  object space 79360K, 66% used [0x00000000e0000000,0x00000000e33aacd8,0x00000000e4d80000)
 Metaspace       used 62857K, committed 64192K, reserved 1114112K
  class space    used 6605K, committed 7168K, reserved 1048576K
}
Event: 21.601 GC heap after
{Heap after GC invocations=24 (full 3):
 PSYoungGen      total 103936K, used 3136K [0x00000000f5580000, 0x00000000fea00000, 0x0000000100000000)
  eden space 93184K, 0% used [0x00000000f5580000,0x00000000f5580000,0x00000000fb080000)
  from space 10752K, 29% used [0x00000000fb080000,0x00000000fb390000,0x00000000fbb00000)
  to   space 10752K, 0% used [0x00000000fdf80000,0x00000000fdf80000,0x00000000fea00000)
 ParOldGen       total 79360K, used 52915K [0x00000000e0000000, 0x00000000e4d80000, 0x00000000f5580000)
  object space 79360K, 66% used [0x00000000e0000000,0x00000000e33accd8,0x00000000e4d80000)
 Metaspace       used 62857K, committed 64192K, reserved 1114112K
  class space    used 6605K, committed 7168K, reserved 1048576K
}
Event: 22.362 GC heap before
{Heap before GC invocations=25 (full 3):
 PSYoungGen      total 103936K, used 96320K [0x00000000f5580000, 0x00000000fea00000, 0x0000000100000000)
  eden space 93184K, 100% used [0x00000000f5580000,0x00000000fb080000,0x00000000fb080000)
  from space 10752K, 29% used [0x00000000fb080000,0x00000000fb390000,0x00000000fbb00000)
  to   space 10752K, 0% used [0x00000000fdf80000,0x00000000fdf80000,0x00000000fea00000)
 ParOldGen       total 79360K, used 52915K [0x00000000e0000000, 0x00000000e4d80000, 0x00000000f5580000)
  object space 79360K, 66% used [0x00000000e0000000,0x00000000e33accd8,0x00000000e4d80000)
 Metaspace       used 64005K, committed 65344K, reserved 1114112K
  class space    used 6691K, committed 7232K, reserved 1048576K
}
Event: 22.372 GC heap after
{Heap after GC invocations=25 (full 3):
 PSYoungGen      total 140288K, used 4688K [0x00000000f5580000, 0x00000000fe900000, 0x0000000100000000)
  eden space 130560K, 0% used [0x00000000f5580000,0x00000000f5580000,0x00000000fd500000)
  from space 9728K, 48% used [0x00000000fdf80000,0x00000000fe414030,0x00000000fe900000)
  to   space 10240K, 0% used [0x00000000fd500000,0x00000000fd500000,0x00000000fdf00000)
 ParOldGen       total 79360K, used 55909K [0x00000000e0000000, 0x00000000e4d80000, 0x00000000f5580000)
  object space 79360K, 70% used [0x00000000e0000000,0x00000000e3699438,0x00000000e4d80000)
 Metaspace       used 64005K, committed 65344K, reserved 1114112K
  class space    used 6691K, committed 7232K, reserved 1048576K
}

