# JRE version: OpenJDK Runtime Environment Temurin-21.0.5+11 (21.0.5+11) (build 21.0.5+11-LTS)
# Java VM: OpenJDK 64-Bit Server VM Temurin-21.0.5+11 (21.0.5+11-LTS, mixed mode, sharing, tiered, compressed oops, compressed class ptrs, parallel gc, windows-amd64)
GC Precious Log:
 CardTable entry size: 512
 CPUs: 8 total, 8 available
 Memory: 7379M
 Large Page Support: Disabled
 NUMA Support: Disabled
 Compressed Oops: Enabled (32-bit)
 Alignments: Space 512K, Generation 512K, Heap 2M
 Heap Min Capacity: 8M
 Heap Initial Capacity: 116M
 Heap Max Capacity: 512M
 Pre-touch: Disabled
 Parallel Workers: 8
Heap:
 PSYoungGen      total 54784K, used 26123K [0x00000000f5580000, 0x00000000fae80000, 0x0000000100000000)
  eden space 44032K, 51% used [0x00000000f5580000,0x00000000f6ba6520,0x00000000f8080000)
  from space 10752K, 32% used [0x00000000f8080000,0x00000000f83dcac8,0x00000000f8b00000)
  to   space 10240K, 0% used [0x00000000fa480000,0x00000000fa480000,0x00000000fae80000)
 ParOldGen       total 79360K, used 27375K [0x00000000e0000000, 0x00000000e4d80000, 0x00000000f5580000)
  object space 79360K, 34% used [0x00000000e0000000,0x00000000e1abbe20,0x00000000e4d80000)
 Metaspace       used 43433K, committed 44608K, reserved 1114112K
  class space    used 4541K, committed 5056K, reserved 1048576K
GC Heap History (20 events):
Event: 4.617 GC heap before
{Heap before GC invocations=6 (full 0):
 PSYoungGen      total 34304K, used 26330K [0x00000000f5580000, 0x00000000f9580000, 0x0000000100000000)
  eden space 29696K, 73% used [0x00000000f5580000,0x00000000f6abcfc0,0x00000000f7280000)
  from space 4608K, 99% used [0x00000000f9000000,0x00000000f9479b00,0x00000000f9480000)
  to   space 1024K, 0% used [0x00000000f9480000,0x00000000f9480000,0x00000000f9580000)
 ParOldGen       total 79360K, used 8033K [0x00000000e0000000, 0x00000000e4d80000, 0x00000000f5580000)
  object space 79360K, 10% used [0x00000000e0000000,0x00000000e07d8528,0x00000000e4d80000)
 Metaspace       used 20633K, committed 21504K, reserved 1114112K
  class space    used 2123K, committed 2496K, reserved 1048576K
}
Event: 4.621 GC heap after
{Heap after GC invocations=6 (full 0):
 PSYoungGen      total 30720K, used 1016K [0x00000000f5580000, 0x00000000f9580000, 0x0000000100000000)
  eden space 29696K, 0% used [0x00000000f5580000,0x00000000f5580000,0x00000000f7280000)
  from space 1024K, 99% used [0x00000000f9480000,0x00000000f957e2e8,0x00000000f9580000)
  to   space 10240K, 0% used [0x00000000f8180000,0x00000000f8180000,0x00000000f8b80000)
 ParOldGen       total 79360K, used 13185K [0x00000000e0000000, 0x00000000e4d80000, 0x00000000f5580000)
  object space 79360K, 16% used [0x00000000e0000000,0x00000000e0ce0638,0x00000000e4d80000)
 Metaspace       used 20633K, committed 21504K, reserved 1114112K
  class space    used 2123K, committed 2496K, reserved 1048576K
}
Event: 4.621 GC heap before
{Heap before GC invocations=7 (full 1):
 PSYoungGen      total 30720K, used 1016K [0x00000000f5580000, 0x00000000f9580000, 0x0000000100000000)
  eden space 29696K, 0% used [0x00000000f5580000,0x00000000f5580000,0x00000000f7280000)
  from space 1024K, 99% used [0x00000000f9480000,0x00000000f957e2e8,0x00000000f9580000)
  to   space 10240K, 0% used [0x00000000f8180000,0x00000000f8180000,0x00000000f8b80000)
 ParOldGen       total 79360K, used 13185K [0x00000000e0000000, 0x00000000e4d80000, 0x00000000f5580000)
  object space 79360K, 16% used [0x00000000e0000000,0x00000000e0ce0638,0x00000000e4d80000)
 Metaspace       used 20633K, committed 21504K, reserved 1114112K
  class space    used 2123K, committed 2496K, reserved 1048576K
}
Event: 4.651 GC heap after
{Heap after GC invocations=7 (full 1):
 PSYoungGen      total 30720K, used 0K [0x00000000f5580000, 0x00000000f9580000, 0x0000000100000000)
  eden space 29696K, 0% used [0x00000000f5580000,0x00000000f5580000,0x00000000f7280000)
  from space 1024K, 0% used [0x00000000f9480000,0x00000000f9480000,0x00000000f9580000)
  to   space 10240K, 0% used [0x00000000f8180000,0x00000000f8180000,0x00000000f8b80000)
 ParOldGen       total 79360K, used 12875K [0x00000000e0000000, 0x00000000e4d80000, 0x00000000f5580000)
  object space 79360K, 16% used [0x00000000e0000000,0x00000000e0c92c00,0x00000000e4d80000)
 Metaspace       used 20620K, committed 21504K, reserved 1114112K
  class space    used 2119K, committed 2496K, reserved 1048576K
}
Event: 4.921 GC heap before
{Heap before GC invocations=8 (full 1):
 PSYoungGen      total 30720K, used 29696K [0x00000000f5580000, 0x00000000f9580000, 0x0000000100000000)
  eden space 29696K, 100% used [0x00000000f5580000,0x00000000f7280000,0x00000000f7280000)
  from space 1024K, 0% used [0x00000000f9480000,0x00000000f9480000,0x00000000f9580000)
  to   space 10240K, 0% used [0x00000000f8180000,0x00000000f8180000,0x00000000f8b80000)
 ParOldGen       total 79360K, used 12875K [0x00000000e0000000, 0x00000000e4d80000, 0x00000000f5580000)
  object space 79360K, 16% used [0x00000000e0000000,0x00000000e0c92c00,0x00000000e4d80000)
 Metaspace       used 23476K, committed 24384K, reserved 1114112K
  class space    used 2348K, committed 2752K, reserved 1048576K
}
Event: 4.923 GC heap after
{Heap after GC invocations=8 (full 1):
 PSYoungGen      total 31744K, used 2222K [0x00000000f5580000, 0x00000000f9500000, 0x0000000100000000)
  eden space 29184K, 0% used [0x00000000f5580000,0x00000000f5580000,0x00000000f7200000)
  from space 2560K, 86% used [0x00000000f8180000,0x00000000f83abae8,0x00000000f8400000)
  to   space 10752K, 0% used [0x00000000f8a80000,0x00000000f8a80000,0x00000000f9500000)
 ParOldGen       total 79360K, used 12883K [0x00000000e0000000, 0x00000000e4d80000, 0x00000000f5580000)
  object space 79360K, 16% used [0x00000000e0000000,0x00000000e0c94c00,0x00000000e4d80000)
 Metaspace       used 23476K, committed 24384K, reserved 1114112K
  class space    used 2348K, committed 2752K, reserved 1048576K
}
Event: 5.117 GC heap before
{Heap before GC invocations=9 (full 1):
 PSYoungGen      total 31744K, used 31406K [0x00000000f5580000, 0x00000000f9500000, 0x0000000100000000)
  eden space 29184K, 100% used [0x00000000f5580000,0x00000000f7200000,0x00000000f7200000)
  from space 2560K, 86% used [0x00000000f8180000,0x00000000f83abae8,0x00000000f8400000)
  to   space 10752K, 0% used [0x00000000f8a80000,0x00000000f8a80000,0x00000000f9500000)
 ParOldGen       total 79360K, used 12883K [0x00000000e0000000, 0x00000000e4d80000, 0x00000000f5580000)
  object space 79360K, 16% used [0x00000000e0000000,0x00000000e0c94c00,0x00000000e4d80000)
 Metaspace       used 27201K, committed 28160K, reserved 1114112K
  class space    used 2620K, committed 3072K, reserved 1048576K
}
Event: 5.120 GC heap after
{Heap after GC invocations=9 (full 1):
 PSYoungGen      total 32256K, used 3557K [0x00000000f5580000, 0x00000000f8e00000, 0x0000000100000000)
  eden space 28672K, 0% used [0x00000000f5580000,0x00000000f5580000,0x00000000f7180000)
  from space 3584K, 99% used [0x00000000f8a80000,0x00000000f8df9498,0x00000000f8e00000)
  to   space 10240K, 0% used [0x00000000f7a00000,0x00000000f7a00000,0x00000000f8400000)
 ParOldGen       total 79360K, used 12891K [0x00000000e0000000, 0x00000000e4d80000, 0x00000000f5580000)
  object space 79360K, 16% used [0x00000000e0000000,0x00000000e0c96c00,0x00000000e4d80000)
 Metaspace       used 27201K, committed 28160K, reserved 1114112K
  class space    used 2620K, committed 3072K, reserved 1048576K
}
Event: 5.501 GC heap before
{Heap before GC invocations=10 (full 1):
 PSYoungGen      total 32256K, used 32229K [0x00000000f5580000, 0x00000000f8e00000, 0x0000000100000000)
  eden space 28672K, 100% used [0x00000000f5580000,0x00000000f7180000,0x00000000f7180000)
  from space 3584K, 99% used [0x00000000f8a80000,0x00000000f8df9498,0x00000000f8e00000)
  to   space 10240K, 0% used [0x00000000f7a00000,0x00000000f7a00000,0x00000000f8400000)
 ParOldGen       total 79360K, used 12891K [0x00000000e0000000, 0x00000000e4d80000, 0x00000000f5580000)
  object space 79360K, 16% used [0x00000000e0000000,0x00000000e0c96c00,0x00000000e4d80000)
 Metaspace       used 30436K, committed 31488K, reserved 1114112K
  class space    used 2927K, committed 3392K, reserved 1048576K
}
Event: 5.505 GC heap after
{Heap after GC invocations=10 (full 1):
 PSYoungGen      total 33792K, used 5204K [0x00000000f5580000, 0x00000000f8b00000, 0x0000000100000000)
  eden space 28160K, 0% used [0x00000000f5580000,0x00000000f5580000,0x00000000f7100000)
  from space 5632K, 92% used [0x00000000f7a00000,0x00000000f7f15210,0x00000000f7f80000)
  to   space 9728K, 0% used [0x00000000f8180000,0x00000000f8180000,0x00000000f8b00000)
 ParOldGen       total 79360K, used 12899K [0x00000000e0000000, 0x00000000e4d80000, 0x00000000f5580000)
  object space 79360K, 16% used [0x00000000e0000000,0x00000000e0c98c00,0x00000000e4d80000)
 Metaspace       used 30436K, committed 31488K, reserved 1114112K
  class space    used 2927K, committed 3392K, reserved 1048576K
}
Event: 5.731 GC heap before
{Heap before GC invocations=11 (full 1):
 PSYoungGen      total 33792K, used 33364K [0x00000000f5580000, 0x00000000f8b00000, 0x0000000100000000)
  eden space 28160K, 100% used [0x00000000f5580000,0x00000000f7100000,0x00000000f7100000)
  from space 5632K, 92% used [0x00000000f7a00000,0x00000000f7f15210,0x00000000f7f80000)
  to   space 9728K, 0% used [0x00000000f8180000,0x00000000f8180000,0x00000000f8b00000)
 ParOldGen       total 79360K, used 12899K [0x00000000e0000000, 0x00000000e4d80000, 0x00000000f5580000)
  object space 79360K, 16% used [0x00000000e0000000,0x00000000e0c98c00,0x00000000e4d80000)
 Metaspace       used 33701K, committed 34816K, reserved 1114112K
  class space    used 3306K, committed 3840K, reserved 1048576K
}
Event: 5.735 GC heap after
{Heap after GC invocations=11 (full 1):
 PSYoungGen      total 45568K, used 4585K [0x00000000f5580000, 0x00000000f9380000, 0x0000000100000000)
  eden space 35840K, 0% used [0x00000000f5580000,0x00000000f5580000,0x00000000f7880000)
  from space 9728K, 47% used [0x00000000f8180000,0x00000000f85fa528,0x00000000f8b00000)
  to   space 9216K, 0% used [0x00000000f7880000,0x00000000f7880000,0x00000000f8180000)
 ParOldGen       total 79360K, used 16213K [0x00000000e0000000, 0x00000000e4d80000, 0x00000000f5580000)
  object space 79360K, 20% used [0x00000000e0000000,0x00000000e0fd57e8,0x00000000e4d80000)
 Metaspace       used 33701K, committed 34816K, reserved 1114112K
  class space    used 3306K, committed 3840K, reserved 1048576K
}
Event: 5.836 GC heap before
{Heap before GC invocations=12 (full 1):
 PSYoungGen      total 45568K, used 14811K [0x00000000f5580000, 0x00000000f9380000, 0x0000000100000000)
  eden space 35840K, 28% used [0x00000000f5580000,0x00000000f5f7ca08,0x00000000f7880000)
  from space 9728K, 47% used [0x00000000f8180000,0x00000000f85fa528,0x00000000f8b00000)
  to   space 9216K, 0% used [0x00000000f7880000,0x00000000f7880000,0x00000000f8180000)
 ParOldGen       total 79360K, used 16213K [0x00000000e0000000, 0x00000000e4d80000, 0x00000000f5580000)
  object space 79360K, 20% used [0x00000000e0000000,0x00000000e0fd57e8,0x00000000e4d80000)
 Metaspace       used 34744K, committed 35840K, reserved 1114112K
  class space    used 3439K, committed 3968K, reserved 1048576K
}
Event: 5.839 GC heap after
{Heap after GC invocations=12 (full 1):
 PSYoungGen      total 45056K, used 864K [0x00000000f5580000, 0x00000000f9480000, 0x0000000100000000)
  eden space 35840K, 0% used [0x00000000f5580000,0x00000000f5580000,0x00000000f7880000)
  from space 9216K, 9% used [0x00000000f7880000,0x00000000f7958000,0x00000000f8180000)
  to   space 9728K, 0% used [0x00000000f8b00000,0x00000000f8b00000,0x00000000f9480000)
 ParOldGen       total 79360K, used 20600K [0x00000000e0000000, 0x00000000e4d80000, 0x00000000f5580000)
  object space 79360K, 25% used [0x00000000e0000000,0x00000000e141e268,0x00000000e4d80000)
 Metaspace       used 34744K, committed 35840K, reserved 1114112K
  class space    used 3439K, committed 3968K, reserved 1048576K
}
Event: 5.839 GC heap before
{Heap before GC invocations=13 (full 2):
 PSYoungGen      total 45056K, used 864K [0x00000000f5580000, 0x00000000f9480000, 0x0000000100000000)
  eden space 35840K, 0% used [0x00000000f5580000,0x00000000f5580000,0x00000000f7880000)
  from space 9216K, 9% used [0x00000000f7880000,0x00000000f7958000,0x00000000f8180000)
  to   space 9728K, 0% used [0x00000000f8b00000,0x00000000f8b00000,0x00000000f9480000)
 ParOldGen       total 79360K, used 20600K [0x00000000e0000000, 0x00000000e4d80000, 0x00000000f5580000)
  object space 79360K, 25% used [0x00000000e0000000,0x00000000e141e268,0x00000000e4d80000)
 Metaspace       used 34744K, committed 35840K, reserved 1114112K
  class space    used 3439K, committed 3968K, reserved 1048576K
}
Event: 5.874 GC heap after
{Heap after GC invocations=13 (full 2):
 PSYoungGen      total 45056K, used 0K [0x00000000f5580000, 0x00000000f9480000, 0x0000000100000000)
  eden space 35840K, 0% used [0x00000000f5580000,0x00000000f5580000,0x00000000f7880000)
  from space 9216K, 0% used [0x00000000f7880000,0x00000000f7880000,0x00000000f8180000)
  to   space 9728K, 0% used [0x00000000f8b00000,0x00000000f8b00000,0x00000000f9480000)
 ParOldGen       total 79360K, used 20493K [0x00000000e0000000, 0x00000000e4d80000, 0x00000000f5580000)
  object space 79360K, 25% used [0x00000000e0000000,0x00000000e14036e0,0x00000000e4d80000)
 Metaspace       used 34744K, committed 35840K, reserved 1114112K
  class space    used 3439K, committed 3968K, reserved 1048576K
}
Event: 6.110 GC heap before
{Heap before GC invocations=14 (full 2):
 PSYoungGen      total 45056K, used 35840K [0x00000000f5580000, 0x00000000f9480000, 0x0000000100000000)
  eden space 35840K, 100% used [0x00000000f5580000,0x00000000f7880000,0x00000000f7880000)
  from space 9216K, 0% used [0x00000000f7880000,0x00000000f7880000,0x00000000f8180000)
  to   space 9728K, 0% used [0x00000000f8b00000,0x00000000f8b00000,0x00000000f9480000)
 ParOldGen       total 79360K, used 20493K [0x00000000e0000000, 0x00000000e4d80000, 0x00000000f5580000)
  object space 79360K, 25% used [0x00000000e0000000,0x00000000e14036e0,0x00000000e4d80000)
 Metaspace       used 37992K, committed 39168K, reserved 1114112K
  class space    used 3836K, committed 4352K, reserved 1048576K
}
Event: 6.117 GC heap after
{Heap after GC invocations=14 (full 2):
 PSYoungGen      total 53760K, used 8601K [0x00000000f5580000, 0x00000000fa280000, 0x0000000100000000)
  eden space 44032K, 0% used [0x00000000f5580000,0x00000000f5580000,0x00000000f8080000)
  from space 9728K, 88% used [0x00000000f8b00000,0x00000000f9366680,0x00000000f9480000)
  to   space 10752K, 0% used [0x00000000f8080000,0x00000000f8080000,0x00000000f8b00000)
 ParOldGen       total 79360K, used 20501K [0x00000000e0000000, 0x00000000e4d80000, 0x00000000f5580000)
  object space 79360K, 25% used [0x00000000e0000000,0x00000000e14056e0,0x00000000e4d80000)
 Metaspace       used 37992K, committed 39168K, reserved 1114112K
  class space    used 3836K, committed 4352K, reserved 1048576K
}
Event: 6.626 GC heap before
{Heap before GC invocations=15 (full 2):
 PSYoungGen      total 53760K, used 52633K [0x00000000f5580000, 0x00000000fa280000, 0x0000000100000000)
  eden space 44032K, 100% used [0x00000000f5580000,0x00000000f8080000,0x00000000f8080000)
  from space 9728K, 88% used [0x00000000f8b00000,0x00000000f9366680,0x00000000f9480000)
  to   space 10752K, 0% used [0x00000000f8080000,0x00000000f8080000,0x00000000f8b00000)
 ParOldGen       total 79360K, used 20501K [0x00000000e0000000, 0x00000000e4d80000, 0x00000000f5580000)
  object space 79360K, 25% used [0x00000000e0000000,0x00000000e14056e0,0x00000000e4d80000)
 Metaspace       used 40979K, committed 42176K, reserved 1114112K
  class space    used 4225K, committed 4736K, reserved 1048576K
}
Event: 6.631 GC heap after
{Heap after GC invocations=15 (full 2):
 PSYoungGen      total 54784K, used 3442K [0x00000000f5580000, 0x00000000fae80000, 0x0000000100000000)
  eden space 44032K, 0% used [0x00000000f5580000,0x00000000f5580000,0x00000000f8080000)
  from space 10752K, 32% used [0x00000000f8080000,0x00000000f83dcac8,0x00000000f8b00000)
  to   space 10240K, 0% used [0x00000000fa480000,0x00000000fa480000,0x00000000fae80000)
 ParOldGen       total 79360K, used 27375K [0x00000000e0000000, 0x00000000e4d80000, 0x00000000f5580000)
  object space 79360K, 34% used [0x00000000e0000000,0x00000000e1abbe20,0x00000000e4d80000)
 Metaspace       used 40979K, committed 42176K, reserved 1114112K
  class space    used 4225K, committed 4736K, reserved 1048576K
}

