# JRE version: OpenJDK Runtime Environment Temurin-21.0.5+11 (21.0.5+11) (build 21.0.5+11-LTS)
# Java VM: OpenJDK 64-Bit Server VM Temurin-21.0.5+11 (21.0.5+11-LTS, mixed mode, sharing, tiered, compressed oops, compressed class ptrs, parallel gc, windows-amd64)
GC Precious Log:
 CardTable entry size: 512
 CPUs: 8 total, 8 available
 Memory: 7379M
 Large Page Support: Disabled
 NUMA Support: Disabled
 Compressed Oops: Enabled (32-bit)
 Alignments: Space 512K, Generation 512K, Heap 2M
 Heap Min Capacity: 8M
 Heap Initial Capacity: 116M
 Heap Max Capacity: 512M
 Pre-touch: Disabled
 Parallel Workers: 8
Heap:
 PSYoungGen      total 82944K, used 23916K [0x00000000f5580000, 0x00000000fb100000, 0x0000000100000000)
  eden space 72192K, 29% used [0x00000000f5580000,0x00000000f6a933f0,0x00000000f9c00000)
  from space 10752K, 21% used [0x00000000fa680000,0x00000000fa8c8000,0x00000000fb100000)
  to   space 10752K, 0% used [0x00000000f9c00000,0x00000000f9c00000,0x00000000fa680000)
 ParOldGen       total 79360K, used 30937K [0x00000000e0000000, 0x00000000e4d80000, 0x00000000f5580000)
  object space 79360K, 38% used [0x00000000e0000000,0x00000000e1e36780,0x00000000e4d80000)
 Metaspace       used 47255K, committed 48512K, reserved 1114112K
  class space    used 4994K, committed 5568K, reserved 1048576K
GC Heap History (20 events):
Event: 5.479 GC heap before
{Heap before GC invocations=7 (full 1):
 PSYoungGen      total 39424K, used 6304K [0x00000000f5580000, 0x00000000f8680000, 0x0000000100000000)
  eden space 29696K, 0% used [0x00000000f5580000,0x00000000f5580000,0x00000000f7280000)
  from space 9728K, 64% used [0x00000000f7d00000,0x00000000f8328098,0x00000000f8680000)
  to   space 10240K, 0% used [0x00000000f7280000,0x00000000f7280000,0x00000000f7c80000)
 ParOldGen       total 79360K, used 8396K [0x00000000e0000000, 0x00000000e4d80000, 0x00000000f5580000)
  object space 79360K, 10% used [0x00000000e0000000,0x00000000e0833280,0x00000000e4d80000)
 Metaspace       used 20704K, committed 21504K, reserved 1114112K
  class space    used 2131K, committed 2496K, reserved 1048576K
}
Event: 5.511 GC heap after
{Heap after GC invocations=7 (full 1):
 PSYoungGen      total 39424K, used 0K [0x00000000f5580000, 0x00000000f8680000, 0x0000000100000000)
  eden space 29696K, 0% used [0x00000000f5580000,0x00000000f5580000,0x00000000f7280000)
  from space 9728K, 0% used [0x00000000f7d00000,0x00000000f7d00000,0x00000000f8680000)
  to   space 10240K, 0% used [0x00000000f7280000,0x00000000f7280000,0x00000000f7c80000)
 ParOldGen       total 79360K, used 12943K [0x00000000e0000000, 0x00000000e4d80000, 0x00000000f5580000)
  object space 79360K, 16% used [0x00000000e0000000,0x00000000e0ca3f00,0x00000000e4d80000)
 Metaspace       used 20692K, committed 21504K, reserved 1114112K
  class space    used 2128K, committed 2496K, reserved 1048576K
}
Event: 5.792 GC heap before
{Heap before GC invocations=8 (full 1):
 PSYoungGen      total 39424K, used 29696K [0x00000000f5580000, 0x00000000f8680000, 0x0000000100000000)
  eden space 29696K, 100% used [0x00000000f5580000,0x00000000f7280000,0x00000000f7280000)
  from space 9728K, 0% used [0x00000000f7d00000,0x00000000f7d00000,0x00000000f8680000)
  to   space 10240K, 0% used [0x00000000f7280000,0x00000000f7280000,0x00000000f7c80000)
 ParOldGen       total 79360K, used 12943K [0x00000000e0000000, 0x00000000e4d80000, 0x00000000f5580000)
  object space 79360K, 16% used [0x00000000e0000000,0x00000000e0ca3f00,0x00000000e4d80000)
 Metaspace       used 23501K, committed 24384K, reserved 1114112K
  class space    used 2345K, committed 2752K, reserved 1048576K
}
Event: 5.793 GC heap after
{Heap after GC invocations=8 (full 1):
 PSYoungGen      total 39424K, used 1876K [0x00000000f5580000, 0x00000000f8700000, 0x0000000100000000)
  eden space 29184K, 0% used [0x00000000f5580000,0x00000000f5580000,0x00000000f7200000)
  from space 10240K, 18% used [0x00000000f7280000,0x00000000f7455290,0x00000000f7c80000)
  to   space 10752K, 0% used [0x00000000f7c80000,0x00000000f7c80000,0x00000000f8700000)
 ParOldGen       total 79360K, used 12951K [0x00000000e0000000, 0x00000000e4d80000, 0x00000000f5580000)
  object space 79360K, 16% used [0x00000000e0000000,0x00000000e0ca5f00,0x00000000e4d80000)
 Metaspace       used 23501K, committed 24384K, reserved 1114112K
  class space    used 2345K, committed 2752K, reserved 1048576K
}
Event: 6.053 GC heap before
{Heap before GC invocations=9 (full 1):
 PSYoungGen      total 39424K, used 31060K [0x00000000f5580000, 0x00000000f8700000, 0x0000000100000000)
  eden space 29184K, 100% used [0x00000000f5580000,0x00000000f7200000,0x00000000f7200000)
  from space 10240K, 18% used [0x00000000f7280000,0x00000000f7455290,0x00000000f7c80000)
  to   space 10752K, 0% used [0x00000000f7c80000,0x00000000f7c80000,0x00000000f8700000)
 ParOldGen       total 79360K, used 12951K [0x00000000e0000000, 0x00000000e4d80000, 0x00000000f5580000)
  object space 79360K, 16% used [0x00000000e0000000,0x00000000e0ca5f00,0x00000000e4d80000)
 Metaspace       used 27217K, committed 28160K, reserved 1114112K
  class space    used 2615K, committed 3008K, reserved 1048576K
}
Event: 6.055 GC heap after
{Heap after GC invocations=9 (full 1):
 PSYoungGen      total 37888K, used 3443K [0x00000000f5580000, 0x00000000f8580000, 0x0000000100000000)
  eden space 28672K, 0% used [0x00000000f5580000,0x00000000f5580000,0x00000000f7180000)
  from space 9216K, 37% used [0x00000000f7c80000,0x00000000f7fdcdb0,0x00000000f8580000)
  to   space 10240K, 0% used [0x00000000f7180000,0x00000000f7180000,0x00000000f7b80000)
 ParOldGen       total 79360K, used 12951K [0x00000000e0000000, 0x00000000e4d80000, 0x00000000f5580000)
  object space 79360K, 16% used [0x00000000e0000000,0x00000000e0ca5f00,0x00000000e4d80000)
 Metaspace       used 27217K, committed 28160K, reserved 1114112K
  class space    used 2615K, committed 3008K, reserved 1048576K
}
Event: 6.568 GC heap before
{Heap before GC invocations=10 (full 1):
 PSYoungGen      total 37888K, used 32115K [0x00000000f5580000, 0x00000000f8580000, 0x0000000100000000)
  eden space 28672K, 100% used [0x00000000f5580000,0x00000000f7180000,0x00000000f7180000)
  from space 9216K, 37% used [0x00000000f7c80000,0x00000000f7fdcdb0,0x00000000f8580000)
  to   space 10240K, 0% used [0x00000000f7180000,0x00000000f7180000,0x00000000f7b80000)
 ParOldGen       total 79360K, used 12951K [0x00000000e0000000, 0x00000000e4d80000, 0x00000000f5580000)
  object space 79360K, 16% used [0x00000000e0000000,0x00000000e0ca5f00,0x00000000e4d80000)
 Metaspace       used 30509K, committed 31552K, reserved 1114112K
  class space    used 2931K, committed 3392K, reserved 1048576K
}
Event: 6.572 GC heap after
{Heap after GC invocations=10 (full 1):
 PSYoungGen      total 33280K, used 5112K [0x00000000f5580000, 0x00000000f8400000, 0x0000000100000000)
  eden space 28160K, 0% used [0x00000000f5580000,0x00000000f5580000,0x00000000f7100000)
  from space 5120K, 99% used [0x00000000f7180000,0x00000000f767e100,0x00000000f7680000)
  to   space 9728K, 0% used [0x00000000f7a80000,0x00000000f7a80000,0x00000000f8400000)
 ParOldGen       total 79360K, used 12959K [0x00000000e0000000, 0x00000000e4d80000, 0x00000000f5580000)
  object space 79360K, 16% used [0x00000000e0000000,0x00000000e0ca7f00,0x00000000e4d80000)
 Metaspace       used 30509K, committed 31552K, reserved 1114112K
  class space    used 2931K, committed 3392K, reserved 1048576K
}
Event: 6.813 GC heap before
{Heap before GC invocations=11 (full 1):
 PSYoungGen      total 33280K, used 33272K [0x00000000f5580000, 0x00000000f8400000, 0x0000000100000000)
  eden space 28160K, 100% used [0x00000000f5580000,0x00000000f7100000,0x00000000f7100000)
  from space 5120K, 99% used [0x00000000f7180000,0x00000000f767e100,0x00000000f7680000)
  to   space 9728K, 0% used [0x00000000f7a80000,0x00000000f7a80000,0x00000000f8400000)
 ParOldGen       total 79360K, used 12959K [0x00000000e0000000, 0x00000000e4d80000, 0x00000000f5580000)
  object space 79360K, 16% used [0x00000000e0000000,0x00000000e0ca7f00,0x00000000e4d80000)
 Metaspace       used 33785K, committed 34944K, reserved 1114112K
  class space    used 3320K, committed 3776K, reserved 1048576K
}
Event: 6.818 GC heap after
{Heap after GC invocations=11 (full 1):
 PSYoungGen      total 37888K, used 3592K [0x00000000f5580000, 0x00000000f9480000, 0x0000000100000000)
  eden space 28160K, 0% used [0x00000000f5580000,0x00000000f5580000,0x00000000f7100000)
  from space 9728K, 36% used [0x00000000f7a80000,0x00000000f7e020a0,0x00000000f8400000)
  to   space 9728K, 0% used [0x00000000f7100000,0x00000000f7100000,0x00000000f7a80000)
 ParOldGen       total 79360K, used 16200K [0x00000000e0000000, 0x00000000e4d80000, 0x00000000f5580000)
  object space 79360K, 20% used [0x00000000e0000000,0x00000000e0fd2120,0x00000000e4d80000)
 Metaspace       used 33785K, committed 34944K, reserved 1114112K
  class space    used 3320K, committed 3776K, reserved 1048576K
}
Event: 6.876 GC heap before
{Heap before GC invocations=12 (full 1):
 PSYoungGen      total 37888K, used 9745K [0x00000000f5580000, 0x00000000f9480000, 0x0000000100000000)
  eden space 28160K, 21% used [0x00000000f5580000,0x00000000f5b82620,0x00000000f7100000)
  from space 9728K, 36% used [0x00000000f7a80000,0x00000000f7e020a0,0x00000000f8400000)
  to   space 9728K, 0% used [0x00000000f7100000,0x00000000f7100000,0x00000000f7a80000)
 ParOldGen       total 79360K, used 16200K [0x00000000e0000000, 0x00000000e4d80000, 0x00000000f5580000)
  object space 79360K, 20% used [0x00000000e0000000,0x00000000e0fd2120,0x00000000e4d80000)
 Metaspace       used 34610K, committed 35840K, reserved 1114112K
  class space    used 3417K, committed 3968K, reserved 1048576K
}
Event: 6.879 GC heap after
{Heap after GC invocations=12 (full 1):
 PSYoungGen      total 37888K, used 1088K [0x00000000f5580000, 0x00000000f9480000, 0x0000000100000000)
  eden space 28160K, 0% used [0x00000000f5580000,0x00000000f5580000,0x00000000f7100000)
  from space 9728K, 11% used [0x00000000f7100000,0x00000000f7210000,0x00000000f7a80000)
  to   space 9728K, 0% used [0x00000000f8b00000,0x00000000f8b00000,0x00000000f9480000)
 ParOldGen       total 79360K, used 19600K [0x00000000e0000000, 0x00000000e4d80000, 0x00000000f5580000)
  object space 79360K, 24% used [0x00000000e0000000,0x00000000e1324318,0x00000000e4d80000)
 Metaspace       used 34610K, committed 35840K, reserved 1114112K
  class space    used 3417K, committed 3968K, reserved 1048576K
}
Event: 6.880 GC heap before
{Heap before GC invocations=13 (full 2):
 PSYoungGen      total 37888K, used 1088K [0x00000000f5580000, 0x00000000f9480000, 0x0000000100000000)
  eden space 28160K, 0% used [0x00000000f5580000,0x00000000f5580000,0x00000000f7100000)
  from space 9728K, 11% used [0x00000000f7100000,0x00000000f7210000,0x00000000f7a80000)
  to   space 9728K, 0% used [0x00000000f8b00000,0x00000000f8b00000,0x00000000f9480000)
 ParOldGen       total 79360K, used 19600K [0x00000000e0000000, 0x00000000e4d80000, 0x00000000f5580000)
  object space 79360K, 24% used [0x00000000e0000000,0x00000000e1324318,0x00000000e4d80000)
 Metaspace       used 34610K, committed 35840K, reserved 1114112K
  class space    used 3417K, committed 3968K, reserved 1048576K
}
Event: 6.919 GC heap after
{Heap after GC invocations=13 (full 2):
 PSYoungGen      total 37888K, used 0K [0x00000000f5580000, 0x00000000f9480000, 0x0000000100000000)
  eden space 28160K, 0% used [0x00000000f5580000,0x00000000f5580000,0x00000000f7100000)
  from space 9728K, 0% used [0x00000000f7100000,0x00000000f7100000,0x00000000f7a80000)
  to   space 9728K, 0% used [0x00000000f8b00000,0x00000000f8b00000,0x00000000f9480000)
 ParOldGen       total 79360K, used 19862K [0x00000000e0000000, 0x00000000e4d80000, 0x00000000f5580000)
  object space 79360K, 25% used [0x00000000e0000000,0x00000000e1365960,0x00000000e4d80000)
 Metaspace       used 34610K, committed 35840K, reserved 1114112K
  class space    used 3417K, committed 3968K, reserved 1048576K
}
Event: 7.156 GC heap before
{Heap before GC invocations=14 (full 2):
 PSYoungGen      total 37888K, used 28160K [0x00000000f5580000, 0x00000000f9480000, 0x0000000100000000)
  eden space 28160K, 100% used [0x00000000f5580000,0x00000000f7100000,0x00000000f7100000)
  from space 9728K, 0% used [0x00000000f7100000,0x00000000f7100000,0x00000000f7a80000)
  to   space 9728K, 0% used [0x00000000f8b00000,0x00000000f8b00000,0x00000000f9480000)
 ParOldGen       total 79360K, used 19862K [0x00000000e0000000, 0x00000000e4d80000, 0x00000000f5580000)
  object space 79360K, 25% used [0x00000000e0000000,0x00000000e1365960,0x00000000e4d80000)
 Metaspace       used 37471K, committed 38656K, reserved 1114112K
  class space    used 3804K, committed 4352K, reserved 1048576K
}
Event: 7.159 GC heap after
{Heap after GC invocations=14 (full 2):
 PSYoungGen      total 54784K, used 2496K [0x00000000f5580000, 0x00000000f9480000, 0x0000000100000000)
  eden space 45056K, 0% used [0x00000000f5580000,0x00000000f5580000,0x00000000f8180000)
  from space 9728K, 25% used [0x00000000f8b00000,0x00000000f8d70000,0x00000000f9480000)
  to   space 9728K, 0% used [0x00000000f8180000,0x00000000f8180000,0x00000000f8b00000)
 ParOldGen       total 79360K, used 19870K [0x00000000e0000000, 0x00000000e4d80000, 0x00000000f5580000)
  object space 79360K, 25% used [0x00000000e0000000,0x00000000e1367960,0x00000000e4d80000)
 Metaspace       used 37471K, committed 38656K, reserved 1114112K
  class space    used 3804K, committed 4352K, reserved 1048576K
}
Event: 7.713 GC heap before
{Heap before GC invocations=15 (full 2):
 PSYoungGen      total 54784K, used 47552K [0x00000000f5580000, 0x00000000f9480000, 0x0000000100000000)
  eden space 45056K, 100% used [0x00000000f5580000,0x00000000f8180000,0x00000000f8180000)
  from space 9728K, 25% used [0x00000000f8b00000,0x00000000f8d70000,0x00000000f9480000)
  to   space 9728K, 0% used [0x00000000f8180000,0x00000000f8180000,0x00000000f8b00000)
 ParOldGen       total 79360K, used 19870K [0x00000000e0000000, 0x00000000e4d80000, 0x00000000f5580000)
  object space 79360K, 25% used [0x00000000e0000000,0x00000000e1367960,0x00000000e4d80000)
 Metaspace       used 40088K, committed 41408K, reserved 1114112K
  class space    used 4113K, committed 4672K, reserved 1048576K
}
Event: 7.719 GC heap after
{Heap after GC invocations=15 (full 2):
 PSYoungGen      total 54784K, used 8954K [0x00000000f5580000, 0x00000000fb100000, 0x0000000100000000)
  eden space 45056K, 0% used [0x00000000f5580000,0x00000000f5580000,0x00000000f8180000)
  from space 9728K, 92% used [0x00000000f8180000,0x00000000f8a3e9d8,0x00000000f8b00000)
  to   space 10752K, 0% used [0x00000000fa680000,0x00000000fa680000,0x00000000fb100000)
 ParOldGen       total 79360K, used 22194K [0x00000000e0000000, 0x00000000e4d80000, 0x00000000f5580000)
  object space 79360K, 27% used [0x00000000e0000000,0x00000000e15ac9f8,0x00000000e4d80000)
 Metaspace       used 40088K, committed 41408K, reserved 1114112K
  class space    used 4113K, committed 4672K, reserved 1048576K
}
Event: 8.650 GC heap before
{Heap before GC invocations=16 (full 2):
 PSYoungGen      total 54784K, used 54010K [0x00000000f5580000, 0x00000000fb100000, 0x0000000100000000)
  eden space 45056K, 100% used [0x00000000f5580000,0x00000000f8180000,0x00000000f8180000)
  from space 9728K, 92% used [0x00000000f8180000,0x00000000f8a3e9d8,0x00000000f8b00000)
  to   space 10752K, 0% used [0x00000000fa680000,0x00000000fa680000,0x00000000fb100000)
 ParOldGen       total 79360K, used 22194K [0x00000000e0000000, 0x00000000e4d80000, 0x00000000f5580000)
  object space 79360K, 27% used [0x00000000e0000000,0x00000000e15ac9f8,0x00000000e4d80000)
 Metaspace       used 44933K, committed 46208K, reserved 1114112K
  class space    used 4743K, committed 5312K, reserved 1048576K
}
Event: 8.656 GC heap after
{Heap after GC invocations=16 (full 2):
 PSYoungGen      total 82944K, used 2336K [0x00000000f5580000, 0x00000000fb100000, 0x0000000100000000)
  eden space 72192K, 0% used [0x00000000f5580000,0x00000000f5580000,0x00000000f9c00000)
  from space 10752K, 21% used [0x00000000fa680000,0x00000000fa8c8000,0x00000000fb100000)
  to   space 10752K, 0% used [0x00000000f9c00000,0x00000000f9c00000,0x00000000fa680000)
 ParOldGen       total 79360K, used 30937K [0x00000000e0000000, 0x00000000e4d80000, 0x00000000f5580000)
  object space 79360K, 38% used [0x00000000e0000000,0x00000000e1e36780,0x00000000e4d80000)
 Metaspace       used 44933K, committed 46208K, reserved 1114112K
  class space    used 4743K, committed 5312K, reserved 1048576K
}

