# JRE version: OpenJDK Runtime Environment Temurin-21.0.5+11 (21.0.5+11) (build 21.0.5+11-LTS)
# Java VM: OpenJDK 64-Bit Server VM Temurin-21.0.5+11 (21.0.5+11-LTS, mixed mode, sharing, tiered, compressed oops, compressed class ptrs, parallel gc, windows-amd64)
GC Precious Log:
 CardTable entry size: 512
 CPUs: 8 total, 8 available
 Memory: 7379M
 Large Page Support: Disabled
 NUMA Support: Disabled
 Compressed Oops: Enabled (32-bit)
 Alignments: Space 512K, Generation 512K, Heap 2M
 Heap Min Capacity: 8M
 Heap Initial Capacity: 116M
 Heap Max Capacity: 512M
 Pre-touch: Disabled
 Parallel Workers: 8
Heap:
 PSYoungGen      total 165888K, used 112348K [0x00000000f5580000, 0x0000000100000000, 0x0000000100000000)
  eden space 158720K, 69% used [0x00000000f5580000,0x00000000fc117070,0x00000000ff080000)
  from space 7168K, 30% used [0x00000000ff080000,0x00000000ff2a0000,0x00000000ff780000)
  to   space 7168K, 0% used [0x00000000ff900000,0x00000000ff900000,0x0000000100000000)
 ParOldGen       total 79360K, used 73279K [0x00000000e0000000, 0x00000000e4d80000, 0x00000000f5580000)
  object space 79360K, 92% used [0x00000000e0000000,0x00000000e478fca8,0x00000000e4d80000)
 Metaspace       used 69103K, committed 70656K, reserved 1114112K
  class space    used 6964K, committed 7616K, reserved 1048576K
GC Heap History (20 events):
Event: 22.585 GC heap before
{Heap before GC invocations=25 (full 2):
 PSYoungGen      total 121344K, used 17554K [0x00000000f5580000, 0x00000000fd500000, 0x0000000100000000)
  eden space 112128K, 13% used [0x00000000f5580000,0x00000000f6420bb0,0x00000000fc300000)
  from space 9216K, 27% used [0x00000000fcc00000,0x00000000fce84010,0x00000000fd500000)
  to   space 9216K, 0% used [0x00000000fc300000,0x00000000fc300000,0x00000000fcc00000)
 ParOldGen       total 79360K, used 59929K [0x00000000e0000000, 0x00000000e4d80000, 0x00000000f5580000)
  object space 79360K, 75% used [0x00000000e0000000,0x00000000e3a86520,0x00000000e4d80000)
 Metaspace       used 58441K, committed 59776K, reserved 1114112K
  class space    used 6095K, committed 6656K, reserved 1048576K
}
Event: 22.587 GC heap after
{Heap after GC invocations=25 (full 2):
 PSYoungGen      total 121344K, used 640K [0x00000000f5580000, 0x00000000fd500000, 0x0000000100000000)
  eden space 112128K, 0% used [0x00000000f5580000,0x00000000f5580000,0x00000000fc300000)
  from space 9216K, 6% used [0x00000000fc300000,0x00000000fc3a0000,0x00000000fcc00000)
  to   space 9216K, 0% used [0x00000000fcc00000,0x00000000fcc00000,0x00000000fd500000)
 ParOldGen       total 79360K, used 61775K [0x00000000e0000000, 0x00000000e4d80000, 0x00000000f5580000)
  object space 79360K, 77% used [0x00000000e0000000,0x00000000e3c53cb8,0x00000000e4d80000)
 Metaspace       used 58441K, committed 59776K, reserved 1114112K
  class space    used 6095K, committed 6656K, reserved 1048576K
}
Event: 22.588 GC heap before
{Heap before GC invocations=26 (full 3):
 PSYoungGen      total 121344K, used 640K [0x00000000f5580000, 0x00000000fd500000, 0x0000000100000000)
  eden space 112128K, 0% used [0x00000000f5580000,0x00000000f5580000,0x00000000fc300000)
  from space 9216K, 6% used [0x00000000fc300000,0x00000000fc3a0000,0x00000000fcc00000)
  to   space 9216K, 0% used [0x00000000fcc00000,0x00000000fcc00000,0x00000000fd500000)
 ParOldGen       total 79360K, used 61775K [0x00000000e0000000, 0x00000000e4d80000, 0x00000000f5580000)
  object space 79360K, 77% used [0x00000000e0000000,0x00000000e3c53cb8,0x00000000e4d80000)
 Metaspace       used 58441K, committed 59776K, reserved 1114112K
  class space    used 6095K, committed 6656K, reserved 1048576K
}
Event: 22.714 GC heap after
{Heap after GC invocations=26 (full 3):
 PSYoungGen      total 121344K, used 0K [0x00000000f5580000, 0x00000000fd500000, 0x0000000100000000)
  eden space 112128K, 0% used [0x00000000f5580000,0x00000000f5580000,0x00000000fc300000)
  from space 9216K, 0% used [0x00000000fc300000,0x00000000fc300000,0x00000000fcc00000)
  to   space 9216K, 0% used [0x00000000fcc00000,0x00000000fcc00000,0x00000000fd500000)
 ParOldGen       total 79360K, used 55996K [0x00000000e0000000, 0x00000000e4d80000, 0x00000000f5580000)
  object space 79360K, 70% used [0x00000000e0000000,0x00000000e36af040,0x00000000e4d80000)
 Metaspace       used 58434K, committed 59776K, reserved 1114112K
  class space    used 6093K, committed 6656K, reserved 1048576K
}
Event: 1260.080 GC heap before
{Heap before GC invocations=27 (full 3):
 PSYoungGen      total 121344K, used 112098K [0x00000000f5580000, 0x00000000fd500000, 0x0000000100000000)
  eden space 112128K, 99% used [0x00000000f5580000,0x00000000fc2f8ae0,0x00000000fc300000)
  from space 9216K, 0% used [0x00000000fc300000,0x00000000fc300000,0x00000000fcc00000)
  to   space 9216K, 0% used [0x00000000fcc00000,0x00000000fcc00000,0x00000000fd500000)
 ParOldGen       total 79360K, used 55996K [0x00000000e0000000, 0x00000000e4d80000, 0x00000000f5580000)
  object space 79360K, 70% used [0x00000000e0000000,0x00000000e36af040,0x00000000e4d80000)
 Metaspace       used 62070K, committed 63552K, reserved 1114112K
  class space    used 6365K, committed 6976K, reserved 1048576K
}
Event: 1260.104 GC heap after
{Heap after GC invocations=27 (full 3):
 PSYoungGen      total 121344K, used 4469K [0x00000000f5580000, 0x0000000100000000, 0x0000000100000000)
  eden space 112128K, 0% used [0x00000000f5580000,0x00000000f5580000,0x00000000fc300000)
  from space 9216K, 48% used [0x00000000fcc00000,0x00000000fd05d548,0x00000000fd500000)
  to   space 9216K, 0% used [0x00000000fc300000,0x00000000fc300000,0x00000000fcc00000)
 ParOldGen       total 79360K, used 56004K [0x00000000e0000000, 0x00000000e4d80000, 0x00000000f5580000)
  object space 79360K, 70% used [0x00000000e0000000,0x00000000e36b1040,0x00000000e4d80000)
 Metaspace       used 62070K, committed 63552K, reserved 1114112K
  class space    used 6365K, committed 6976K, reserved 1048576K
}
Event: 1261.144 GC heap before
{Heap before GC invocations=28 (full 3):
 PSYoungGen      total 121344K, used 116597K [0x00000000f5580000, 0x0000000100000000, 0x0000000100000000)
  eden space 112128K, 100% used [0x00000000f5580000,0x00000000fc300000,0x00000000fc300000)
  from space 9216K, 48% used [0x00000000fcc00000,0x00000000fd05d548,0x00000000fd500000)
  to   space 9216K, 0% used [0x00000000fc300000,0x00000000fc300000,0x00000000fcc00000)
 ParOldGen       total 79360K, used 56004K [0x00000000e0000000, 0x00000000e4d80000, 0x00000000f5580000)
  object space 79360K, 70% used [0x00000000e0000000,0x00000000e36b1040,0x00000000e4d80000)
 Metaspace       used 62394K, committed 63808K, reserved 1114112K
  class space    used 6390K, committed 6976K, reserved 1048576K
}
Event: 1261.153 GC heap after
{Heap after GC invocations=28 (full 3):
 PSYoungGen      total 121344K, used 3647K [0x00000000f5580000, 0x00000000ff500000, 0x0000000100000000)
  eden space 112128K, 0% used [0x00000000f5580000,0x00000000f5580000,0x00000000fc300000)
  from space 9216K, 39% used [0x00000000fc300000,0x00000000fc68fc80,0x00000000fcc00000)
  to   space 8704K, 0% used [0x00000000fec80000,0x00000000fec80000,0x00000000ff500000)
 ParOldGen       total 79360K, used 60216K [0x00000000e0000000, 0x00000000e4d80000, 0x00000000f5580000)
  object space 79360K, 75% used [0x00000000e0000000,0x00000000e3ace118,0x00000000e4d80000)
 Metaspace       used 62394K, committed 63808K, reserved 1114112K
  class space    used 6390K, committed 6976K, reserved 1048576K
}
Event: 1261.287 GC heap before
{Heap before GC invocations=29 (full 3):
 PSYoungGen      total 121344K, used 115775K [0x00000000f5580000, 0x00000000ff500000, 0x0000000100000000)
  eden space 112128K, 100% used [0x00000000f5580000,0x00000000fc300000,0x00000000fc300000)
  from space 9216K, 39% used [0x00000000fc300000,0x00000000fc68fc80,0x00000000fcc00000)
  to   space 8704K, 0% used [0x00000000fec80000,0x00000000fec80000,0x00000000ff500000)
 ParOldGen       total 79360K, used 60216K [0x00000000e0000000, 0x00000000e4d80000, 0x00000000f5580000)
  object space 79360K, 75% used [0x00000000e0000000,0x00000000e3ace118,0x00000000e4d80000)
 Metaspace       used 62404K, committed 63808K, reserved 1114112K
  class space    used 6390K, committed 6976K, reserved 1048576K
}
Event: 1261.293 GC heap after
{Heap after GC invocations=29 (full 3):
 PSYoungGen      total 154624K, used 1303K [0x00000000f5580000, 0x00000000ff500000, 0x0000000100000000)
  eden space 145920K, 0% used [0x00000000f5580000,0x00000000f5580000,0x00000000fe400000)
  from space 8704K, 14% used [0x00000000fec80000,0x00000000fedc5da0,0x00000000ff500000)
  to   space 8704K, 0% used [0x00000000fe400000,0x00000000fe400000,0x00000000fec80000)
 ParOldGen       total 79360K, used 63204K [0x00000000e0000000, 0x00000000e4d80000, 0x00000000f5580000)
  object space 79360K, 79% used [0x00000000e0000000,0x00000000e3db9138,0x00000000e4d80000)
 Metaspace       used 62404K, committed 63808K, reserved 1114112K
  class space    used 6390K, committed 6976K, reserved 1048576K
}
Event: 1261.523 GC heap before
{Heap before GC invocations=30 (full 3):
 PSYoungGen      total 154624K, used 147223K [0x00000000f5580000, 0x00000000ff500000, 0x0000000100000000)
  eden space 145920K, 100% used [0x00000000f5580000,0x00000000fe400000,0x00000000fe400000)
  from space 8704K, 14% used [0x00000000fec80000,0x00000000fedc5da0,0x00000000ff500000)
  to   space 8704K, 0% used [0x00000000fe400000,0x00000000fe400000,0x00000000fec80000)
 ParOldGen       total 79360K, used 63204K [0x00000000e0000000, 0x00000000e4d80000, 0x00000000f5580000)
  object space 79360K, 79% used [0x00000000e0000000,0x00000000e3db9138,0x00000000e4d80000)
 Metaspace       used 62440K, committed 63872K, reserved 1114112K
  class space    used 6390K, committed 6976K, reserved 1048576K
}
Event: 1261.527 GC heap after
{Heap after GC invocations=30 (full 3):
 PSYoungGen      total 154624K, used 2477K [0x00000000f5580000, 0x00000000fff00000, 0x0000000100000000)
  eden space 145920K, 0% used [0x00000000f5580000,0x00000000f5580000,0x00000000fe400000)
  from space 8704K, 28% used [0x00000000fe400000,0x00000000fe66b7f0,0x00000000fec80000)
  to   space 8192K, 0% used [0x00000000ff700000,0x00000000ff700000,0x00000000fff00000)
 ParOldGen       total 79360K, used 63940K [0x00000000e0000000, 0x00000000e4d80000, 0x00000000f5580000)
  object space 79360K, 80% used [0x00000000e0000000,0x00000000e3e71150,0x00000000e4d80000)
 Metaspace       used 62440K, committed 63872K, reserved 1114112K
  class space    used 6390K, committed 6976K, reserved 1048576K
}
Event: 1261.877 GC heap before
{Heap before GC invocations=31 (full 3):
 PSYoungGen      total 154624K, used 148397K [0x00000000f5580000, 0x00000000fff00000, 0x0000000100000000)
  eden space 145920K, 100% used [0x00000000f5580000,0x00000000fe400000,0x00000000fe400000)
  from space 8704K, 28% used [0x00000000fe400000,0x00000000fe66b7f0,0x00000000fec80000)
  to   space 8192K, 0% used [0x00000000ff700000,0x00000000ff700000,0x00000000fff00000)
 ParOldGen       total 79360K, used 63940K [0x00000000e0000000, 0x00000000e4d80000, 0x00000000f5580000)
  object space 79360K, 80% used [0x00000000e0000000,0x00000000e3e71150,0x00000000e4d80000)
 Metaspace       used 62508K, committed 64000K, reserved 1114112K
  class space    used 6396K, committed 6976K, reserved 1048576K
}
Event: 1261.885 GC heap after
{Heap after GC invocations=31 (full 3):
 PSYoungGen      total 165376K, used 3070K [0x00000000f5580000, 0x00000000fff80000, 0x0000000100000000)
  eden space 157184K, 0% used [0x00000000f5580000,0x00000000f5580000,0x00000000fef00000)
  from space 8192K, 37% used [0x00000000ff700000,0x00000000ff9ffb18,0x00000000fff00000)
  to   space 8192K, 0% used [0x00000000fef00000,0x00000000fef00000,0x00000000ff700000)
 ParOldGen       total 79360K, used 65870K [0x00000000e0000000, 0x00000000e4d80000, 0x00000000f5580000)
  object space 79360K, 83% used [0x00000000e0000000,0x00000000e40538d8,0x00000000e4d80000)
 Metaspace       used 62508K, committed 64000K, reserved 1114112K
  class space    used 6396K, committed 6976K, reserved 1048576K
}
Event: 1262.164 GC heap before
{Heap before GC invocations=32 (full 3):
 PSYoungGen      total 165376K, used 160254K [0x00000000f5580000, 0x00000000fff80000, 0x0000000100000000)
  eden space 157184K, 100% used [0x00000000f5580000,0x00000000fef00000,0x00000000fef00000)
  from space 8192K, 37% used [0x00000000ff700000,0x00000000ff9ffb18,0x00000000fff00000)
  to   space 8192K, 0% used [0x00000000fef00000,0x00000000fef00000,0x00000000ff700000)
 ParOldGen       total 79360K, used 65870K [0x00000000e0000000, 0x00000000e4d80000, 0x00000000f5580000)
  object space 79360K, 83% used [0x00000000e0000000,0x00000000e40538d8,0x00000000e4d80000)
 Metaspace       used 62535K, committed 64000K, reserved 1114112K
  class space    used 6396K, committed 6976K, reserved 1048576K
}
Event: 1262.172 GC heap after
{Heap after GC invocations=32 (full 3):
 PSYoungGen      total 165376K, used 3468K [0x00000000f5580000, 0x00000000fff00000, 0x0000000100000000)
  eden space 157184K, 0% used [0x00000000f5580000,0x00000000f5580000,0x00000000fef00000)
  from space 8192K, 42% used [0x00000000fef00000,0x00000000ff263088,0x00000000ff700000)
  to   space 7680K, 0% used [0x00000000ff780000,0x00000000ff780000,0x00000000fff00000)
 ParOldGen       total 79360K, used 68421K [0x00000000e0000000, 0x00000000e4d80000, 0x00000000f5580000)
  object space 79360K, 86% used [0x00000000e0000000,0x00000000e42d1738,0x00000000e4d80000)
 Metaspace       used 62535K, committed 64000K, reserved 1114112K
  class space    used 6396K, committed 6976K, reserved 1048576K
}
Event: 1262.427 GC heap before
{Heap before GC invocations=33 (full 3):
 PSYoungGen      total 165376K, used 160652K [0x00000000f5580000, 0x00000000fff00000, 0x0000000100000000)
  eden space 157184K, 100% used [0x00000000f5580000,0x00000000fef00000,0x00000000fef00000)
  from space 8192K, 42% used [0x00000000fef00000,0x00000000ff263088,0x00000000ff700000)
  to   space 7680K, 0% used [0x00000000ff780000,0x00000000ff780000,0x00000000fff00000)
 ParOldGen       total 79360K, used 68421K [0x00000000e0000000, 0x00000000e4d80000, 0x00000000f5580000)
  object space 79360K, 86% used [0x00000000e0000000,0x00000000e42d1738,0x00000000e4d80000)
 Metaspace       used 62561K, committed 64000K, reserved 1114112K
  class space    used 6396K, committed 6976K, reserved 1048576K
}
Event: 1262.435 GC heap after
{Heap after GC invocations=33 (full 3):
 PSYoungGen      total 165888K, used 2416K [0x00000000f5580000, 0x00000000ffe80000, 0x0000000100000000)
  eden space 158720K, 0% used [0x00000000f5580000,0x00000000f5580000,0x00000000ff080000)
  from space 7168K, 33% used [0x00000000ff780000,0x00000000ff9dc000,0x00000000ffe80000)
  to   space 7168K, 0% used [0x00000000ff080000,0x00000000ff080000,0x00000000ff780000)
 ParOldGen       total 79360K, used 70951K [0x00000000e0000000, 0x00000000e4d80000, 0x00000000f5580000)
  object space 79360K, 89% used [0x00000000e0000000,0x00000000e4549ca8,0x00000000e4d80000)
 Metaspace       used 62561K, committed 64000K, reserved 1114112K
  class space    used 6396K, committed 6976K, reserved 1048576K
}
Event: 1262.762 GC heap before
{Heap before GC invocations=34 (full 3):
 PSYoungGen      total 165888K, used 161136K [0x00000000f5580000, 0x00000000ffe80000, 0x0000000100000000)
  eden space 158720K, 100% used [0x00000000f5580000,0x00000000ff080000,0x00000000ff080000)
  from space 7168K, 33% used [0x00000000ff780000,0x00000000ff9dc000,0x00000000ffe80000)
  to   space 7168K, 0% used [0x00000000ff080000,0x00000000ff080000,0x00000000ff780000)
 ParOldGen       total 79360K, used 70951K [0x00000000e0000000, 0x00000000e4d80000, 0x00000000f5580000)
  object space 79360K, 89% used [0x00000000e0000000,0x00000000e4549ca8,0x00000000e4d80000)
 Metaspace       used 62567K, committed 64000K, reserved 1114112K
  class space    used 6396K, committed 6976K, reserved 1048576K
}
Event: 1262.768 GC heap after
{Heap after GC invocations=34 (full 3):
 PSYoungGen      total 165888K, used 2176K [0x00000000f5580000, 0x0000000100000000, 0x0000000100000000)
  eden space 158720K, 0% used [0x00000000f5580000,0x00000000f5580000,0x00000000ff080000)
  from space 7168K, 30% used [0x00000000ff080000,0x00000000ff2a0000,0x00000000ff780000)
  to   space 7168K, 0% used [0x00000000ff900000,0x00000000ff900000,0x0000000100000000)
 ParOldGen       total 79360K, used 73279K [0x00000000e0000000, 0x00000000e4d80000, 0x00000000f5580000)
  object space 79360K, 92% used [0x00000000e0000000,0x00000000e478fca8,0x00000000e4d80000)
 Metaspace       used 62567K, committed 64000K, reserved 1114112K
  class space    used 6396K, committed 6976K, reserved 1048576K
}

